0 info it worked if it ends with ok
1 verbose cli [ '/Users/davidson1/.meteor/packages/meteor-tool/1.1.10/mt-os.osx.x86_64/dev_bundle/bin/node',
1 verbose cli   '/Users/davidson1/.meteor/packages/meteor-tool/1.1.10/mt-os.osx.x86_64/dev_bundle/bin/npm',
1 verbose cli   'install' ]
2 info using npm@1.4.28
3 info using node@v0.10.40
4 verbose node symlink /Users/davidson1/.meteor/packages/meteor-tool/1.1.10/mt-os.osx.x86_64/dev_bundle/bin/node
5 error install Couldn't read dependencies
6 error package.json ENOENT, open '/Users/davidson1/Documents/create/fintech/leaderboard/package.json'
6 error package.json This is most likely not a problem with npm itself.
6 error package.json npm can't find a package.json file in your current directory.
7 error System Darwin 15.6.0
8 error command "/Users/davidson1/.meteor/packages/meteor-tool/1.1.10/mt-os.osx.x86_64/dev_bundle/bin/node" "/Users/davidson1/.meteor/packages/meteor-tool/1.1.10/mt-os.osx.x86_64/dev_bundle/bin/npm" "install"
9 error cwd /Users/davidson1/Documents/create/fintech/leaderboard
10 error node -v v0.10.40
11 error npm -v 1.4.28
12 error path /Users/davidson1/Documents/create/fintech/leaderboard/package.json
13 error code ENOPACKAGEJSON
14 error errno 34
15 verbose exit [ 34, true ]
